<?xml version="1.0" encoding="UTF-8"?>
<testsuite name="Login StartSharp" tests="1" skipped="0" failures="0" errors="0" timestamp="2022-12-25T17:25:37" hostname="THINKPAD-E15" time="12.191">
  <properties/>
  <testcase name="Login with right credentials to see the Dashboard." classname="Login StartSharp" time="12.191"/>
  <system-out><![CDATA[]]></system-out>
  <system-err><![CDATA[[Test worker] WARN net.thucydides.core.steps.BaseStepListener - stepStarted: net.thucydides.core.steps.ExecutedStepDescription@1d71006f
[Test worker] WARN net.thucydides.core.steps.BaseStepListener - stepStarted: net.thucydides.core.steps.ExecutedStepDescription@54aca26f
[Test worker] WARN net.thucydides.core.steps.BaseStepListener - stepStarted: net.thucydides.core.steps.ExecutedStepDescription@655523dd
Dec 25, 2022 12:25:38 PM org.openqa.selenium.remote.DesiredCapabilities chrome
INFO: Using `new ChromeOptions()` is preferred to `DesiredCapabilities.chrome()`
[Test worker] INFO net.serenitybdd.core.webdriver.driverproviders.ProvideNewDriver - Instantiating driver
[Test worker] INFO net.serenitybdd.core.webdriver.driverproviders.ProvideNewDriver - Driver capabilities: Capabilities {acceptInsecureCerts: false, browserName: chrome, chrome.switches: --start-maximized, goog:chromeOptions: {args: [--start-maximized], extensions: []}, loggingPrefs: org.openqa.selenium.logging..., platform: ANY, version: }
Starting ChromeDriver 108.0.5359.71 (1e0e3868ee06e91ad636a874420e3ca3ae3756ac-refs/branch-heads/5359@{#1016}) on port 32517
Only local connections are allowed.
Please see https://chromedriver.chromium.org/security-considerations for suggestions on keeping ChromeDriver safe.
ChromeDriver was started successfully.
Dec 25, 2022 12:25:40 PM org.openqa.selenium.remote.ProtocolHandshake createSession
INFO: Detected dialect: W3C
[Test worker] WARN net.thucydides.core.steps.BaseStepListener - stepFinished: current outcome:Login with right credentials to see the Dashboard.:Given than Alex, a registered user of the StartSharp application, wants to log in to the StartSharp main page to view the Dashboard [Alex open up [Alex opens the Start sharp page]]
[Test worker] WARN net.thucydides.core.steps.BaseStepListener - stepFinished: current outcome:Login with right credentials to see the Dashboard.:Given than Alex, a registered user of the StartSharp application, wants to log in to the StartSharp main page to view the Dashboard [Alex open up [Alex opens the Start sharp page]]
[Test worker] WARN net.thucydides.core.steps.BaseStepListener - stepFinished: current outcome:Login with right credentials to see the Dashboard.:Given than Alex, a registered user of the StartSharp application, wants to log in to the StartSharp main page to view the Dashboard [Alex open up [Alex opens the Start sharp page]]
[Test worker] WARN net.thucydides.core.steps.BaseStepListener - stepStarted: net.thucydides.core.steps.ExecutedStepDescription@2c7db926
[Test worker] WARN net.thucydides.core.steps.BaseStepListener - stepStarted: net.thucydides.core.steps.ExecutedStepDescription@276cc8dc
[Test worker] WARN net.thucydides.core.steps.BaseStepListener - stepStarted: net.thucydides.core.steps.ExecutedStepDescription@21263314
[Test worker] WARN net.thucydides.core.steps.BaseStepListener - stepFinished: current outcome:Login with right credentials to see the Dashboard.:Given than Alex, a registered user of the StartSharp application, wants to log in to the StartSharp main page to view the Dashboard [Alex open up [Alex opens the Start sharp page]], When he navigates to the login page and provides this correct login credentials in the login form and clicks the Sign button [Alex log in [Alex enters 'admin' into where do we write the user]]
[Test worker] WARN net.thucydides.core.steps.BaseStepListener - stepStarted: net.thucydides.core.steps.ExecutedStepDescription@2fb25f4c
[Test worker] WARN net.thucydides.core.steps.BaseStepListener - stepFinished: current outcome:Login with right credentials to see the Dashboard.:Given than Alex, a registered user of the StartSharp application, wants to log in to the StartSharp main page to view the Dashboard [Alex open up [Alex opens the Start sharp page]], When he navigates to the login page and provides this correct login credentials in the login form and clicks the Sign button [Alex log in [Alex enters 'admin' into where do we write the user, Alex enters 'serenity' into where do we write the password]]
[Test worker] WARN net.thucydides.core.steps.BaseStepListener - stepStarted: net.thucydides.core.steps.ExecutedStepDescription@78d9f51b
[Test worker] WARN net.thucydides.core.steps.BaseStepListener - stepFinished: current outcome:Login with right credentials to see the Dashboard.:Given than Alex, a registered user of the StartSharp application, wants to log in to the StartSharp main page to view the Dashboard [Alex open up [Alex opens the Start sharp page]], When he navigates to the login page and provides this correct login credentials in the login form and clicks the Sign button [Alex log in [Alex enters 'admin' into where do we write the user, Alex enters 'serenity' into where do we write the password, Alex clicks on button that shows us the form to login]]
[Test worker] WARN net.thucydides.core.steps.BaseStepListener - stepFinished: current outcome:Login with right credentials to see the Dashboard.:Given than Alex, a registered user of the StartSharp application, wants to log in to the StartSharp main page to view the Dashboard [Alex open up [Alex opens the Start sharp page]], When he navigates to the login page and provides this correct login credentials in the login form and clicks the Sign button [Alex log in [Alex enters 'admin' into where do we write the user, Alex enters 'serenity' into where do we write the password, Alex clicks on button that shows us the form to login]]
[Test worker] WARN net.thucydides.core.steps.BaseStepListener - stepFinished: current outcome:Login with right credentials to see the Dashboard.:Given than Alex, a registered user of the StartSharp application, wants to log in to the StartSharp main page to view the Dashboard [Alex open up [Alex opens the Start sharp page]], When he navigates to the login page and provides this correct login credentials in the login form and clicks the Sign button [Alex log in [Alex enters 'admin' into where do we write the user, Alex enters 'serenity' into where do we write the password, Alex clicks on button that shows us the form to login]]
[Test worker] WARN net.thucydides.core.steps.BaseStepListener - stepStarted: net.thucydides.core.steps.ExecutedStepDescription@4733f6f5
[Test worker] WARN net.thucydides.core.steps.BaseStepListener - stepStarted: net.thucydides.core.steps.ExecutedStepDescription@373e6b9d
[Test worker] WARN net.thucydides.core.steps.BaseStepListener - stepFinished: current outcome:Login with right credentials to see the Dashboard.:Given than Alex, a registered user of the StartSharp application, wants to log in to the StartSharp main page to view the Dashboard [Alex open up [Alex opens the Start sharp page]], When he navigates to the login page and provides this correct login credentials in the login form and clicks the Sign button [Alex log in [Alex enters 'admin' into where do we write the user, Alex enters 'serenity' into where do we write the password, Alex clicks on button that shows us the form to login]], Then he should be redirected to the dashboard main page [Then answer login]
[Test worker] WARN net.thucydides.core.steps.BaseStepListener - stepFinished: current outcome:Login with right credentials to see the Dashboard.:Given than Alex, a registered user of the StartSharp application, wants to log in to the StartSharp main page to view the Dashboard [Alex open up [Alex opens the Start sharp page]], When he navigates to the login page and provides this correct login credentials in the login form and clicks the Sign button [Alex log in [Alex enters 'admin' into where do we write the user, Alex enters 'serenity' into where do we write the password, Alex clicks on button that shows us the form to login]], Then he should be redirected to the dashboard main page [Then answer login]
[Test worker] WARN net.thucydides.core.steps.BaseStepListener - testFinished: Login with right credentials to see the Dashboard.:Given than Alex, a registered user of the StartSharp application, wants to log in to the StartSharp main page to view the Dashboard [Alex open up [Alex opens the Start sharp page]], When he navigates to the login page and provides this correct login credentials in the login form and clicks the Sign button [Alex log in [Alex enters 'admin' into where do we write the user, Alex enters 'serenity' into where do we write the password, Alex clicks on button that shows us the form to login]], Then he should be redirected to the dashboard main page [Then answer login]
[Test worker] WARN net.thucydides.core.steps.BaseStepListener - TestOutcomes: [Login with right credentials to see the Dashboard.:Given than Alex, a registered user of the StartSharp application, wants to log in to the StartSharp main page to view the Dashboard [Alex open up [Alex opens the Start sharp page]], When he navigates to the login page and provides this correct login credentials in the login form and clicks the Sign button [Alex log in [Alex enters 'admin' into where do we write the user, Alex enters 'serenity' into where do we write the password, Alex clicks on button that shows us the form to login]], Then he should be redirected to the dashboard main page [Then answer login]]
[Test worker] WARN net.thucydides.core.steps.BaseStepListener - Final testOutcomes: [Login with right credentials to see the Dashboard.:Given than Alex, a registered user of the StartSharp application, wants to log in to the StartSharp main page to view the Dashboard [Alex open up [Alex opens the Start sharp page]], When he navigates to the login page and provides this correct login credentials in the login form and clicks the Sign button [Alex log in [Alex enters 'admin' into where do we write the user, Alex enters 'serenity' into where do we write the password, Alex clicks on button that shows us the form to login]], Then he should be redirected to the dashboard main page [Then answer login]]
[Test worker] INFO net.thucydides.core.steps.ConsoleLoggingListener - 
        __    _____ _____ ____ _____   ____   _    ____  ____  _____ ____  
  _     \ \  |_   _| ____/ ___|_   _| |  _ \ / \  / ___|/ ___|| ____|  _ \ 
 (_)_____| |   | | |  _| \___ \ | |   | |_) / _ \ \___ \\___ \|  _| | | | |
  _|_____| |   | | | |___ ___) || |   |  __/ ___ \ ___) |___) | |___| |_| |
 (_)     | |   |_| |_____|____/ |_|   |_| /_/   \_\____/|____/|_____|____/ 
        /_/                                                                

TEST PASSED: Login with right credentials to see the Dashboard.
----------------------------------------------------------------------------
]]></system-err>
</testsuite>
