<?xml version="1.0" encoding="UTF-8"?>
<testsuite name="Add new Shipper" tests="1" skipped="0" failures="0" errors="0" timestamp="2022-12-26T10:50:35" hostname="THINKPAD-E15" time="12.584">
  <properties/>
  <testcase name="Add a new Shipper to the Shippers section." classname="Add new Shipper" time="12.584"/>
  <system-out><![CDATA[]]></system-out>
  <system-err><![CDATA[[Test worker] WARN net.thucydides.core.steps.BaseStepListener - stepStarted: net.thucydides.core.steps.ExecutedStepDescription@5b6813df
[Test worker] WARN net.thucydides.core.steps.BaseStepListener - stepStarted: net.thucydides.core.steps.ExecutedStepDescription@ea9e141
[Test worker] WARN net.thucydides.core.steps.BaseStepListener - stepStarted: net.thucydides.core.steps.ExecutedStepDescription@748e9b20
Dec 26, 2022 5:50:36 AM org.openqa.selenium.remote.DesiredCapabilities chrome
INFO: Using `new ChromeOptions()` is preferred to `DesiredCapabilities.chrome()`
[Test worker] INFO net.serenitybdd.core.webdriver.driverproviders.ProvideNewDriver - Instantiating driver
[Test worker] INFO net.serenitybdd.core.webdriver.driverproviders.ProvideNewDriver - Driver capabilities: Capabilities {acceptInsecureCerts: false, browserName: chrome, chrome.switches: --start-maximized, goog:chromeOptions: {args: [--start-maximized], extensions: []}, loggingPrefs: org.openqa.selenium.logging..., platform: ANY, version: }
Starting ChromeDriver 108.0.5359.71 (1e0e3868ee06e91ad636a874420e3ca3ae3756ac-refs/branch-heads/5359@{#1016}) on port 34277
Only local connections are allowed.
Please see https://chromedriver.chromium.org/security-considerations for suggestions on keeping ChromeDriver safe.
ChromeDriver was started successfully.
Dec 26, 2022 5:50:38 AM org.openqa.selenium.remote.ProtocolHandshake createSession
INFO: Detected dialect: W3C
[Test worker] WARN net.thucydides.core.steps.BaseStepListener - stepFinished: current outcome:Add a new Shipper to the Shippers section.:Given than Alex, a registered admin of the StartSharp application, wants to add a new Shipper [Alex open up [Alex opens the Start sharp page]]
[Test worker] WARN net.thucydides.core.steps.BaseStepListener - stepFinished: current outcome:Add a new Shipper to the Shippers section.:Given than Alex, a registered admin of the StartSharp application, wants to add a new Shipper [Alex open up [Alex opens the Start sharp page]]
[Test worker] WARN net.thucydides.core.steps.BaseStepListener - stepStarted: net.thucydides.core.steps.ExecutedStepDescription@1668919e
[Test worker] WARN net.thucydides.core.steps.BaseStepListener - stepStarted: net.thucydides.core.steps.ExecutedStepDescription@46911148
[Test worker] WARN net.thucydides.core.steps.BaseStepListener - stepFinished: current outcome:Add a new Shipper to the Shippers section.:Given than Alex, a registered admin of the StartSharp application, wants to add a new Shipper [Alex open up [Alex opens the Start sharp page], Alex log in [Alex enters 'admin' into where do we write the user]]
[Test worker] WARN net.thucydides.core.steps.BaseStepListener - stepStarted: net.thucydides.core.steps.ExecutedStepDescription@26837057
[Test worker] WARN net.thucydides.core.steps.BaseStepListener - stepFinished: current outcome:Add a new Shipper to the Shippers section.:Given than Alex, a registered admin of the StartSharp application, wants to add a new Shipper [Alex open up [Alex opens the Start sharp page], Alex log in [Alex enters 'admin' into where do we write the user, Alex enters 'serenity' into where do we write the password]]
[Test worker] WARN net.thucydides.core.steps.BaseStepListener - stepStarted: net.thucydides.core.steps.ExecutedStepDescription@5c887052
[Test worker] WARN net.thucydides.core.steps.BaseStepListener - stepFinished: current outcome:Add a new Shipper to the Shippers section.:Given than Alex, a registered admin of the StartSharp application, wants to add a new Shipper [Alex open up [Alex opens the Start sharp page], Alex log in [Alex enters 'admin' into where do we write the user, Alex enters 'serenity' into where do we write the password, Alex clicks on button that shows us the form to login]]
[Test worker] WARN net.thucydides.core.steps.BaseStepListener - stepFinished: current outcome:Add a new Shipper to the Shippers section.:Given than Alex, a registered admin of the StartSharp application, wants to add a new Shipper [Alex open up [Alex opens the Start sharp page], Alex log in [Alex enters 'admin' into where do we write the user, Alex enters 'serenity' into where do we write the password, Alex clicks on button that shows us the form to login]]
[Test worker] WARN net.thucydides.core.steps.BaseStepListener - stepFinished: current outcome:Add a new Shipper to the Shippers section.:Given than Alex, a registered admin of the StartSharp application, wants to add a new Shipper [Alex open up [Alex opens the Start sharp page], Alex log in [Alex enters 'admin' into where do we write the user, Alex enters 'serenity' into where do we write the password, Alex clicks on button that shows us the form to login]]
[Test worker] WARN net.thucydides.core.steps.BaseStepListener - stepStarted: net.thucydides.core.steps.ExecutedStepDescription@5d5a51b1
[Test worker] WARN net.thucydides.core.steps.BaseStepListener - stepStarted: net.thucydides.core.steps.ExecutedStepDescription@6c8f60f3
[Test worker] WARN net.thucydides.core.steps.BaseStepListener - stepStarted: net.thucydides.core.steps.ExecutedStepDescription@161dd92a
[Test worker] WARN net.thucydides.core.steps.BaseStepListener - stepFinished: current outcome:Add a new Shipper to the Shippers section.:Given than Alex, a registered admin of the StartSharp application, wants to add a new Shipper [Alex open up [Alex opens the Start sharp page], Alex log in [Alex enters 'admin' into where do we write the user, Alex enters 'serenity' into where do we write the password, Alex clicks on button that shows us the form to login]], When he navigates to Shippers section and fills out the form to add a new Shipper [Alex add new shipper [Alex clicks on button that shows us the Northwind options]]
[Test worker] WARN net.thucydides.core.steps.BaseStepListener - stepStarted: net.thucydides.core.steps.ExecutedStepDescription@11b32a14
[Test worker] WARN net.thucydides.core.steps.BaseStepListener - stepFinished: current outcome:Add a new Shipper to the Shippers section.:Given than Alex, a registered admin of the StartSharp application, wants to add a new Shipper [Alex open up [Alex opens the Start sharp page], Alex log in [Alex enters 'admin' into where do we write the user, Alex enters 'serenity' into where do we write the password, Alex clicks on button that shows us the form to login]], When he navigates to Shippers section and fills out the form to add a new Shipper [Alex add new shipper [Alex clicks on button that shows us the Northwind options, Alex clicks on button that shows the Shipper Section]]
[Test worker] WARN net.thucydides.core.steps.BaseStepListener - stepStarted: net.thucydides.core.steps.ExecutedStepDescription@4e3e11b9
[Test worker] WARN net.thucydides.core.steps.BaseStepListener - stepFinished: current outcome:Add a new Shipper to the Shippers section.:Given than Alex, a registered admin of the StartSharp application, wants to add a new Shipper [Alex open up [Alex opens the Start sharp page], Alex log in [Alex enters 'admin' into where do we write the user, Alex enters 'serenity' into where do we write the password, Alex clicks on button that shows us the form to login]], When he navigates to Shippers section and fills out the form to add a new Shipper [Alex add new shipper [Alex clicks on button that shows us the Northwind options, Alex clicks on button that shows the Shipper Section, Alex clicks on button that shows us the New Shipper form]]
[Test worker] WARN net.thucydides.core.steps.BaseStepListener - stepStarted: net.thucydides.core.steps.ExecutedStepDescription@8bd076a
[Test worker] WARN net.thucydides.core.steps.BaseStepListener - stepFinished: current outcome:Add a new Shipper to the Shippers section.:Given than Alex, a registered admin of the StartSharp application, wants to add a new Shipper [Alex open up [Alex opens the Start sharp page], Alex log in [Alex enters 'admin' into where do we write the user, Alex enters 'serenity' into where do we write the password, Alex clicks on button that shows us the form to login]], When he navigates to Shippers section and fills out the form to add a new Shipper [Alex add new shipper [Alex clicks on button that shows us the Northwind options, Alex clicks on button that shows the Shipper Section, Alex clicks on button that shows us the New Shipper form, Alex enters 'IAS Clean' into where do we write the Company's Name]]
[Test worker] WARN net.thucydides.core.steps.BaseStepListener - stepStarted: net.thucydides.core.steps.ExecutedStepDescription@7066363
[Test worker] WARN net.thucydides.core.steps.BaseStepListener - stepFinished: current outcome:Add a new Shipper to the Shippers section.:Given than Alex, a registered admin of the StartSharp application, wants to add a new Shipper [Alex open up [Alex opens the Start sharp page], Alex log in [Alex enters 'admin' into where do we write the user, Alex enters 'serenity' into where do we write the password, Alex clicks on button that shows us the form to login]], When he navigates to Shippers section and fills out the form to add a new Shipper [Alex add new shipper [Alex clicks on button that shows us the Northwind options, Alex clicks on button that shows the Shipper Section, Alex clicks on button that shows us the New Shipper form, Alex enters 'IAS Clean' into where do we write the Company's Name, Alex enters '3054461269' into where do we write the Company's Phone]]
[Test worker] WARN net.thucydides.core.steps.BaseStepListener - stepStarted: net.thucydides.core.steps.ExecutedStepDescription@4eaf7902
[Test worker] WARN net.thucydides.core.steps.BaseStepListener - stepFinished: current outcome:Add a new Shipper to the Shippers section.:Given than Alex, a registered admin of the StartSharp application, wants to add a new Shipper [Alex open up [Alex opens the Start sharp page], Alex log in [Alex enters 'admin' into where do we write the user, Alex enters 'serenity' into where do we write the password, Alex clicks on button that shows us the form to login]], When he navigates to Shippers section and fills out the form to add a new Shipper [Alex add new shipper [Alex clicks on button that shows us the Northwind options, Alex clicks on button that shows the Shipper Section, Alex clicks on button that shows us the New Shipper form, Alex enters 'IAS Clean' into where do we write the Company's Name, Alex enters '3054461269' into where do we write the Company's Phone, Alex clicks on button that shows us the New Shipper form]]
[Test worker] WARN net.thucydides.core.steps.BaseStepListener - stepFinished: current outcome:Add a new Shipper to the Shippers section.:Given than Alex, a registered admin of the StartSharp application, wants to add a new Shipper [Alex open up [Alex opens the Start sharp page], Alex log in [Alex enters 'admin' into where do we write the user, Alex enters 'serenity' into where do we write the password, Alex clicks on button that shows us the form to login]], When he navigates to Shippers section and fills out the form to add a new Shipper [Alex add new shipper [Alex clicks on button that shows us the Northwind options, Alex clicks on button that shows the Shipper Section, Alex clicks on button that shows us the New Shipper form, Alex enters 'IAS Clean' into where do we write the Company's Name, Alex enters '3054461269' into where do we write the Company's Phone, Alex clicks on button that shows us the New Shipper form]]
[Test worker] WARN net.thucydides.core.steps.BaseStepListener - stepFinished: current outcome:Add a new Shipper to the Shippers section.:Given than Alex, a registered admin of the StartSharp application, wants to add a new Shipper [Alex open up [Alex opens the Start sharp page], Alex log in [Alex enters 'admin' into where do we write the user, Alex enters 'serenity' into where do we write the password, Alex clicks on button that shows us the form to login]], When he navigates to Shippers section and fills out the form to add a new Shipper [Alex add new shipper [Alex clicks on button that shows us the Northwind options, Alex clicks on button that shows the Shipper Section, Alex clicks on button that shows us the New Shipper form, Alex enters 'IAS Clean' into where do we write the Company's Name, Alex enters '3054461269' into where do we write the Company's Phone, Alex clicks on button that shows us the New Shipper form]]
[Test worker] WARN net.thucydides.core.steps.BaseStepListener - stepStarted: net.thucydides.core.steps.ExecutedStepDescription@472d0f4
[Test worker] WARN net.thucydides.core.steps.BaseStepListener - stepFinished: current outcome:Add a new Shipper to the Shippers section.:Given than Alex, a registered admin of the StartSharp application, wants to add a new Shipper [Alex open up [Alex opens the Start sharp page], Alex log in [Alex enters 'admin' into where do we write the user, Alex enters 'serenity' into where do we write the password, Alex clicks on button that shows us the form to login]], When he navigates to Shippers section and fills out the form to add a new Shipper [Alex add new shipper [Alex clicks on button that shows us the Northwind options, Alex clicks on button that shows the Shipper Section, Alex clicks on button that shows us the New Shipper form, Alex enters 'IAS Clean' into where do we write the Company's Name, Alex enters '3054461269' into where do we write the Company's Phone, Alex clicks on button that shows us the New Shipper form]], Then he should see the new Shipper added to the list of shippers
[Test worker] WARN net.thucydides.core.steps.BaseStepListener - testFinished: Add a new Shipper to the Shippers section.:Given than Alex, a registered admin of the StartSharp application, wants to add a new Shipper [Alex open up [Alex opens the Start sharp page], Alex log in [Alex enters 'admin' into where do we write the user, Alex enters 'serenity' into where do we write the password, Alex clicks on button that shows us the form to login]], When he navigates to Shippers section and fills out the form to add a new Shipper [Alex add new shipper [Alex clicks on button that shows us the Northwind options, Alex clicks on button that shows the Shipper Section, Alex clicks on button that shows us the New Shipper form, Alex enters 'IAS Clean' into where do we write the Company's Name, Alex enters '3054461269' into where do we write the Company's Phone, Alex clicks on button that shows us the New Shipper form]], Then he should see the new Shipper added to the list of shippers
[Test worker] WARN net.thucydides.core.steps.BaseStepListener - TestOutcomes: [Add a new Shipper to the Shippers section.:Given than Alex, a registered admin of the StartSharp application, wants to add a new Shipper [Alex open up [Alex opens the Start sharp page], Alex log in [Alex enters 'admin' into where do we write the user, Alex enters 'serenity' into where do we write the password, Alex clicks on button that shows us the form to login]], When he navigates to Shippers section and fills out the form to add a new Shipper [Alex add new shipper [Alex clicks on button that shows us the Northwind options, Alex clicks on button that shows the Shipper Section, Alex clicks on button that shows us the New Shipper form, Alex enters 'IAS Clean' into where do we write the Company's Name, Alex enters '3054461269' into where do we write the Company's Phone, Alex clicks on button that shows us the New Shipper form]], Then he should see the new Shipper added to the list of shippers]
[Test worker] WARN net.thucydides.core.steps.BaseStepListener - Final testOutcomes: [Add a new Shipper to the Shippers section.:Given than Alex, a registered admin of the StartSharp application, wants to add a new Shipper [Alex open up [Alex opens the Start sharp page], Alex log in [Alex enters 'admin' into where do we write the user, Alex enters 'serenity' into where do we write the password, Alex clicks on button that shows us the form to login]], When he navigates to Shippers section and fills out the form to add a new Shipper [Alex add new shipper [Alex clicks on button that shows us the Northwind options, Alex clicks on button that shows the Shipper Section, Alex clicks on button that shows us the New Shipper form, Alex enters 'IAS Clean' into where do we write the Company's Name, Alex enters '3054461269' into where do we write the Company's Phone, Alex clicks on button that shows us the New Shipper form]], Then he should see the new Shipper added to the list of shippers]
[Test worker] INFO net.thucydides.core.steps.ConsoleLoggingListener - 
        __    _____ _____ ____ _____   ____   _    ____  ____  _____ ____  
  _     \ \  |_   _| ____/ ___|_   _| |  _ \ / \  / ___|/ ___|| ____|  _ \ 
 (_)_____| |   | | |  _| \___ \ | |   | |_) / _ \ \___ \\___ \|  _| | | | |
  _|_____| |   | | | |___ ___) || |   |  __/ ___ \ ___) |___) | |___| |_| |
 (_)     | |   |_| |_____|____/ |_|   |_| /_/   \_\____/|____/|_____|____/ 
        /_/                                                                

TEST PASSED: Add a new Shipper to the Shippers section.
----------------------------------------------------------------------------
]]></system-err>
</testsuite>
